Determining if the pthread_create exist failed with the following output:
Change Dir: /home/nvidia/Capstone_RacecarJ/f110_ws/build/CMakeFiles/CMakeTmp

Run Build Command:"/usr/bin/make" "cmTC_4ba12/fast"
/usr/bin/make -f CMakeFiles/cmTC_4ba12.dir/build.make CMakeFiles/cmTC_4ba12.dir/build
make[1]: Entering directory '/home/nvidia/Capstone_RacecarJ/f110_ws/build/CMakeFiles/CMakeTmp'
Building C object CMakeFiles/cmTC_4ba12.dir/CheckSymbolExists.c.o
/usr/bin/cc     -o CMakeFiles/cmTC_4ba12.dir/CheckSymbolExists.c.o   -c /home/nvidia/Capstone_RacecarJ/f110_ws/build/CMakeFiles/CMakeTmp/CheckSymbolExists.c
Linking C executable cmTC_4ba12
/usr/bin/cmake -E cmake_link_script CMakeFiles/cmTC_4ba12.dir/link.txt --verbose=1
/usr/bin/cc       CMakeFiles/cmTC_4ba12.dir/CheckSymbolExists.c.o  -o cmTC_4ba12 -rdynamic 
CMakeFiles/cmTC_4ba12.dir/CheckSymbolExists.c.o: In function `main':
CheckSymbolExists.c:(.text+0x14): undefined reference to `pthread_create'
CheckSymbolExists.c:(.text+0x18): undefined reference to `pthread_create'
collect2: error: ld returned 1 exit status
CMakeFiles/cmTC_4ba12.dir/build.make:97: recipe for target 'cmTC_4ba12' failed
make[1]: *** [cmTC_4ba12] Error 1
make[1]: Leaving directory '/home/nvidia/Capstone_RacecarJ/f110_ws/build/CMakeFiles/CMakeTmp'
Makefile:126: recipe for target 'cmTC_4ba12/fast' failed
make: *** [cmTC_4ba12/fast] Error 2

File /home/nvidia/Capstone_RacecarJ/f110_ws/build/CMakeFiles/CMakeTmp/CheckSymbolExists.c:
/* */
#include <pthread.h>

int main(int argc, char** argv)
{
  (void)argv;
#ifndef pthread_create
  return ((int*)(&pthread_create))[argc];
#else
  (void)argc;
  return 0;
#endif
}

Determining if the function pthread_create exists in the pthreads failed with the following output:
Change Dir: /home/nvidia/Capstone_RacecarJ/f110_ws/build/CMakeFiles/CMakeTmp

Run Build Command:"/usr/bin/make" "cmTC_738ea/fast"
/usr/bin/make -f CMakeFiles/cmTC_738ea.dir/build.make CMakeFiles/cmTC_738ea.dir/build
make[1]: Entering directory '/home/nvidia/Capstone_RacecarJ/f110_ws/build/CMakeFiles/CMakeTmp'
Building C object CMakeFiles/cmTC_738ea.dir/CheckFunctionExists.c.o
/usr/bin/cc    -DCHECK_FUNCTION_EXISTS=pthread_create   -o CMakeFiles/cmTC_738ea.dir/CheckFunctionExists.c.o   -c /usr/share/cmake-3.5/Modules/CheckFunctionExists.c
Linking C executable cmTC_738ea
/usr/bin/cmake -E cmake_link_script CMakeFiles/cmTC_738ea.dir/link.txt --verbose=1
/usr/bin/cc   -DCHECK_FUNCTION_EXISTS=pthread_create    CMakeFiles/cmTC_738ea.dir/CheckFunctionExists.c.o  -o cmTC_738ea -rdynamic -lpthreads 
/usr/bin/ld: cannot find -lpthreads
collect2: error: ld returned 1 exit status
CMakeFiles/cmTC_738ea.dir/build.make:97: recipe for target 'cmTC_738ea' failed
make[1]: *** [cmTC_738ea] Error 1
make[1]: Leaving directory '/home/nvidia/Capstone_RacecarJ/f110_ws/build/CMakeFiles/CMakeTmp'
Makefile:126: recipe for target 'cmTC_738ea/fast' failed
make: *** [cmTC_738ea/fast] Error 2


